<?xml version="1.0" encoding="UTF-8"?>
<testsuite name="com.example.stocktriggers.StockAnalyzerTest" tests="4" skipped="0" failures="0" errors="0" timestamp="2026-01-28T16:37:22.685Z" hostname="suvarnasingh-macbookpro.roam.internal" time="0.015">
  <properties/>
  <testcase name="testInsufficientData" classname="com.example.stocktriggers.StockAnalyzerTest" time="0.005"/>
  <testcase name="testSellSignal" classname="com.example.stocktriggers.StockAnalyzerTest" time="0.008"/>
  <testcase name="testBuySignal" classname="com.example.stocktriggers.StockAnalyzerTest" time="0.001"/>
  <testcase name="testNeutralSignal" classname="com.example.stocktriggers.StockAnalyzerTest" time="0.0"/>
  <system-out><![CDATA[]]></system-out>
  <system-err><![CDATA[]]></system-err>
</testsuite>
