<?xml version="1.0" encoding="UTF-8"?>
<testsuite name="com.example.stocktriggers.StockSyncLogicTest" tests="10" skipped="0" failures="0" errors="0" timestamp="2026-02-07T06:59:06.738Z" hostname="suvarnasingh-macbookpro.roam.internal" time="0.017">
  <properties/>
  <testcase name="test force notify still respects weekend check" classname="com.example.stocktriggers.StockSyncLogicTest" time="0.002"/>
  <testcase name="test notification blocked on Sunday even at correct time" classname="com.example.stocktriggers.StockSyncLogicTest" time="0.0"/>
  <testcase name="test notification blocked after 30 mins window" classname="com.example.stocktriggers.StockSyncLogicTest" time="0.014"/>
  <testcase name="test notification allowed at exact scheduled time 11 AM" classname="com.example.stocktriggers.StockSyncLogicTest" time="0.0"/>
  <testcase name="test notification blocked on Saturday even at correct time" classname="com.example.stocktriggers.StockSyncLogicTest" time="0.0"/>
  <testcase name="test notification allowed at exact scheduled time 2 PM" classname="com.example.stocktriggers.StockSyncLogicTest" time="0.0"/>
  <testcase name="test notification allowed within 30 mins after 11 AM" classname="com.example.stocktriggers.StockSyncLogicTest" time="0.0"/>
  <testcase name="test notification blocked before 11 AM" classname="com.example.stocktriggers.StockSyncLogicTest" time="0.0"/>
  <testcase name="test notification blocked at random times" classname="com.example.stocktriggers.StockSyncLogicTest" time="0.0"/>
  <testcase name="test force notify bypasses time window" classname="com.example.stocktriggers.StockSyncLogicTest" time="0.0"/>
  <system-out><![CDATA[]]></system-out>
  <system-err><![CDATA[]]></system-err>
</testsuite>
